<?xml version="1.0" encoding="UTF-8"?>
<!-- Generated by org.testng.reporters.JUnitReportReporter -->
<testsuite hostname="DESKTOP-8B0ED0H" failures="0" tests="2" name="com.trello.qspiders.learntestng.GroupA" time="0.030" errors="0" timestamp="2023-04-01T19:14:57 IST" skipped="0">
  <testcase classname="com.trello.qspiders.learntestng.GroupA" name="nameA" time="0.024"/>
  <system-out/>
  <testcase classname="com.trello.qspiders.learntestng.GroupA" name="nameB" time="0.006"/>
  <system-out/>
</testsuite> <!-- com.trello.qspiders.learntestng.GroupA -->
