<?xml version="1.0" encoding="UTF-8"?>
<!-- Generated by org.testng.reporters.JUnitReportReporter -->
<testsuite hostname="DESKTOP-8B0ED0H" failures="0" tests="1" name="com.trello.qspiders.learntestng.GroupB" time="0.004" errors="0" timestamp="2023-04-01T19:14:58 IST" skipped="0">
  <testcase classname="com.trello.qspiders.learntestng.GroupB" name="nameD" time="0.004"/>
  <system-out/>
</testsuite> <!-- com.trello.qspiders.learntestng.GroupB -->
