<?xml version="1.0" encoding="UTF-8"?>
<!-- Generated by org.testng.reporters.JUnitReportReporter -->
<testsuite hostname="DESKTOP-8B0ED0H" failures="0" tests="1" name="testNgPgPractise.Check" time="0.013" errors="0" timestamp="2023-03-24T12:30:04 IST" skipped="0">
  <testcase classname="testNgPgPractise.Check" name="logout" time="0.013"/>
  <system-out/>
</testsuite> <!-- testNgPgPractise.Check -->
