<?xml version="1.0" encoding="UTF-8"?>
<!-- Generated by org.testng.reporters.JUnitReportReporter -->
<testsuite hostname="DESKTOP-8B0ED0H" failures="0" tests="1" name="handlingpopus.A" time="39.618" errors="0" timestamp="2023-05-02T15:39:06 IST" skipped="0">
  <testcase classname="handlingpopus.A" name="calenderPopupClearTrip" time="39.618"/>
  <system-out/>
</testsuite> <!-- handlingpopus.A -->
