<?xml version="1.0" encoding="UTF-8"?>
<!-- Generated by org.testng.reporters.JUnitReportReporter -->
<testsuite hostname="DESKTOP-8B0ED0H" failures="0" tests="1" name="handlingpopus.HandlingActiveElement" time="12.669" errors="0" timestamp="2023-04-20T23:10:20 IST" skipped="0">
  <testcase classname="handlingpopus.HandlingActiveElement" name="handlingGoogleAutoSuggestion" time="12.669"/>
  <system-out/>
</testsuite> <!-- handlingpopus.HandlingActiveElement -->
