<?xml version="1.0" encoding="UTF-8"?>
<!-- Generated by org.testng.reporters.JUnitReportReporter -->
<testsuite hostname="DESKTOP-8B0ED0H" failures="0" tests="1" name="testNgPgPractise.BeforeAfter" time="22.866" errors="0" timestamp="2023-03-23T11:34:36 IST" skipped="0">
  <testcase classname="testNgPgPractise.BeforeAfter" name="testCase" time="22.866"/>
  <system-out/>
</testsuite> <!-- testNgPgPractise.BeforeAfter -->
