<?xml version="1.0" encoding="UTF-8"?>
<!-- Generated by org.testng.reporters.JUnitReportReporter -->
<testsuite hostname="DESKTOP-8B0ED0H" failures="0" tests="1" name="iframes.NestedFrame" time="15.108" errors="0" timestamp="2023-04-06T12:36:32 IST" skipped="0">
  <testcase classname="iframes.NestedFrame" name="nestedFrames" time="15.108"/>
  <system-out/>
</testsuite> <!-- iframes.NestedFrame -->
