<?xml version="1.0" encoding="UTF-8"?>
<!-- Generated by org.testng.reporters.JUnitReportReporter -->
<testsuite hostname="DESKTOP-8B0ED0H" failures="0" tests="1" name="com.trello.qspiders.trelloendtoend.TrelloBoardsPageCheck" time="5.781" errors="0" timestamp="2023-04-12T22:27:17 IST" skipped="0">
  <testcase classname="com.trello.qspiders.trelloendtoend.TrelloBoardsPageCheck" name="BoardsPageCheck" time="5.781"/>
  <system-out/>
</testsuite> <!-- com.trello.qspiders.trelloendtoend.TrelloBoardsPageCheck -->
