<?xml version="1.0" encoding="UTF-8"?>
<!-- Generated by org.testng.reporters.JUnitReportReporter -->
<testsuite hostname="DESKTOP-8B0ED0H" failures="0" tests="1" name="iframes.IndividualFrames" time="19.261" errors="0" timestamp="2023-04-06T22:06:22 IST" skipped="0">
  <testcase classname="iframes.IndividualFrames" name="navigationThroughFrames" time="19.261"/>
  <system-out>
    <![CDATA[first frame
Second frame
third frame
Againfirst frame]]>
  </system-out>
</testsuite> <!-- iframes.IndividualFrames -->
