<?xml version="1.0" encoding="UTF-8"?>
<!-- Generated by org.testng.reporters.JUnitReportReporter -->
<testsuite hostname="DESKTOP-8B0ED0H" failures="0" tests="2" name="com.trello.qspiders.learntestng.OneGoodAutomationScriptUsingAssertion" time="51.603" errors="0" timestamp="2023-04-05T16:31:48 IST" skipped="0">
  <testcase classname="com.trello.qspiders.learntestng.OneGoodAutomationScriptUsingAssertion" name="actiTimeLoginLogout" time="24.326"/>
  <system-out>
    <![CDATA[Login Page Is displayed.
Sucessfully Logged into the application.
Home Page is displayed
Sucessfully logged out from the application.]]>
  </system-out>
  <testcase classname="com.trello.qspiders.learntestng.OneGoodAutomationScriptUsingAssertion" name="actiTimeLoginLogout" time="27.277"/>
  <system-out>
    <![CDATA[Login Page Is displayed.
Sucessfully Logged into the application.
Home Page is displayed
Sucessfully logged out from the application.]]>
  </system-out>
</testsuite> <!-- com.trello.qspiders.learntestng.OneGoodAutomationScriptUsingAssertion -->
