<?xml version="1.0" encoding="UTF-8"?>
<!-- Generated by org.testng.reporters.JUnitReportReporter -->
<testsuite hostname="DESKTOP-8B0ED0H" failures="0" tests="1" name="handlingpopus.AllPopups" time="13.104" errors="0" timestamp="2023-05-03T20:28:24 IST" skipped="0">
  <testcase classname="handlingpopus.AllPopups" name="FileDownloadPopUp" time="13.104"/>
  <system-out/>
</testsuite> <!-- handlingpopus.AllPopups -->
