<?xml version="1.0" encoding="UTF-8"?>
<!-- Generated by org.testng.reporters.JUnitReportReporter -->
<testsuite hostname="DESKTOP-8B0ED0H" failures="0" tests="1" name="com.trello.qspiders.trelloendtoend.TreloEndToEnd" time="42.118" errors="0" timestamp="2023-04-10T01:48:06 IST" skipped="0">
  <testcase classname="com.trello.qspiders.trelloendtoend.TreloEndToEnd" name="check" time="42.118"/>
  <system-out>
    <![CDATA[Home Page Displayed
Login Page Displayed
Login to Continue Displayed
Boards Displayed
Board created
BoardPage successfully deleted
Successfully Logged Out of Application]]>
  </system-out>
</testsuite> <!-- com.trello.qspiders.trelloendtoend.TreloEndToEnd -->
