<?xml version="1.0" encoding="UTF-8"?>
<!-- Generated by org.testng.reporters.JUnitReportReporter -->
<testsuite hostname="DESKTOP-8B0ED0H" failures="0" tests="1" name="handlingpopus.OneMoreWayFileUpload" time="25.813" errors="0" timestamp="2023-04-26T22:21:43 IST" skipped="0">
  <testcase classname="handlingpopus.OneMoreWayFileUpload" name="oneMoreWayFileUpload" time="25.813"/>
  <system-out/>
</testsuite> <!-- handlingpopus.OneMoreWayFileUpload -->
