<?xml version="1.0" encoding="UTF-8"?>
<!-- Generated by org.testng.reporters.JUnitReportReporter -->
<testsuite hostname="DESKTOP-8B0ED0H" failures="0" tests="1" name="practicetestng.Actions123" time="6.235" errors="0" timestamp="2023-04-07T10:57:26 IST" skipped="0">
  <testcase classname="practicetestng.Actions123" name="rightcontextclick" time="6.235"/>
  <system-out/>
</testsuite> <!-- practicetestng.Actions123 -->
