<?xml version="1.0" encoding="UTF-8"?>
<!-- Generated by org.testng.reporters.JUnitReportReporter -->
<testsuite hostname="DESKTOP-8B0ED0H" failures="0" tests="1" name="handlingpopus.Popups" time="32.866" errors="0" timestamp="2023-04-26T20:22:27 IST" skipped="0">
  <testcase classname="handlingpopus.Popups" name="noti" time="32.866"/>
  <system-out/>
</testsuite> <!-- handlingpopus.Popups -->
