<?xml version="1.0" encoding="UTF-8"?>
<!-- Generated by org.testng.reporters.JUnitReportReporter -->
<testsuite hostname="DESKTOP-8B0ED0H" failures="0" tests="3" name="com.trello.qspiders.learntestng.OrderOfBasicAnnotations" time="0.027" errors="0" timestamp="2023-03-25T17:19:34 IST" skipped="0">
  <testcase classname="com.trello.qspiders.learntestng.OrderOfBasicAnnotations" name="acceptFriendRequest" time="0.011"/>
  <system-out/>
  <testcase classname="com.trello.qspiders.learntestng.OrderOfBasicAnnotations" name="uploadProfilePic" time="0.013"/>
  <system-out/>
  <testcase classname="com.trello.qspiders.learntestng.OrderOfBasicAnnotations" name="sendFriendRequest" time="0.003"/>
  <system-out/>
</testsuite> <!-- com.trello.qspiders.learntestng.OrderOfBasicAnnotations -->
