<?xml version="1.0" encoding="UTF-8"?>
<!-- Generated by org.testng.reporters.JUnitReportReporter -->
<testsuite hostname="DESKTOP-8B0ED0H" failures="0" tests="6" name="com.trello.qspiders.learntestng.WhatIfMultipleTestAnnotationsINTheClass" time="0.031" errors="0" timestamp="2023-03-25T17:19:34 IST" skipped="0">
  <testcase classname="com.trello.qspiders.learntestng.WhatIfMultipleTestAnnotationsINTheClass" name="appleTest" time="0.003"/>
  <system-out/>
  <testcase classname="com.trello.qspiders.learntestng.WhatIfMultipleTestAnnotationsINTheClass" name="watermelonTest" time="0.008"/>
  <system-out/>
  <testcase classname="com.trello.qspiders.learntestng.WhatIfMultipleTestAnnotationsINTheClass" name="orangeTest" time="0.010"/>
  <system-out/>
  <testcase classname="com.trello.qspiders.learntestng.WhatIfMultipleTestAnnotationsINTheClass" name="mangoTest" time="0.006"/>
  <system-out/>
  <testcase classname="com.trello.qspiders.learntestng.WhatIfMultipleTestAnnotationsINTheClass" name="grapesTest" time="0.002"/>
  <system-out/>
  <testcase classname="com.trello.qspiders.learntestng.WhatIfMultipleTestAnnotationsINTheClass" name="bananaTest" time="0.002"/>
  <system-out/>
</testsuite> <!-- com.trello.qspiders.learntestng.WhatIfMultipleTestAnnotationsINTheClass -->
