<?xml version="1.0" encoding="UTF-8"?>
<!-- Generated by org.testng.reporters.JUnitReportReporter -->
<testsuite hostname="DESKTOP-8B0ED0H" failures="0" tests="1" name="com.trello.qspiders.learntestng.SupplyData" time="2.847" errors="0" timestamp="2023-03-31T11:05:19 IST" skipped="0">
  <testcase classname="com.trello.qspiders.learntestng.SupplyData" name="lauchBrowser" time="2.847"/>
  <system-out/>
</testsuite> <!-- com.trello.qspiders.learntestng.SupplyData -->
