<?xml version="1.0" encoding="UTF-8"?>
<!-- Generated by org.testng.reporters.JUnitReportReporter -->
<testsuite hostname="DESKTOP-8B0ED0H" failures="0" tests="8" name="com.trello.qspiders.learntestng.ExecuteSameTestcaseMultipleTimes" time="0.067" errors="0" timestamp="2023-03-25T17:19:34 IST" skipped="0">
  <testcase classname="com.trello.qspiders.learntestng.ExecuteSameTestcaseMultipleTimes" name="watermelonTest" time="0.015"/>
  <system-out/>
  <testcase classname="com.trello.qspiders.learntestng.ExecuteSameTestcaseMultipleTimes" name="mangoTest" time="0.014"/>
  <system-out/>
  <testcase classname="com.trello.qspiders.learntestng.ExecuteSameTestcaseMultipleTimes" name="mangoTest" time="0.005"/>
  <system-out/>
  <testcase classname="com.trello.qspiders.learntestng.ExecuteSameTestcaseMultipleTimes" name="mangoTest" time="0.008"/>
  <system-out/>
  <testcase classname="com.trello.qspiders.learntestng.ExecuteSameTestcaseMultipleTimes" name="bananaTest" time="0.005"/>
  <system-out/>
  <testcase classname="com.trello.qspiders.learntestng.ExecuteSameTestcaseMultipleTimes" name="grapesTest" time="0.009"/>
  <system-out/>
  <testcase classname="com.trello.qspiders.learntestng.ExecuteSameTestcaseMultipleTimes" name="orangeTest" time="0.005"/>
  <system-out/>
  <testcase classname="com.trello.qspiders.learntestng.ExecuteSameTestcaseMultipleTimes" name="appleTest" time="0.006"/>
  <system-out/>
</testsuite> <!-- com.trello.qspiders.learntestng.ExecuteSameTestcaseMultipleTimes -->
