<?xml version="1.0" encoding="UTF-8"?>
<!-- Generated by org.testng.reporters.JUnitReportReporter -->
<testsuite hostname="DESKTOP-8B0ED0H" failures="0" tests="1" name="com.trello.qspiders.learntestng.GroupC" time="0.005" errors="0" timestamp="2023-04-01T19:14:58 IST" skipped="0">
  <testcase classname="com.trello.qspiders.learntestng.GroupC" name="nameG" time="0.005"/>
  <system-out/>
</testsuite> <!-- com.trello.qspiders.learntestng.GroupC -->
