<?xml version="1.0" encoding="UTF-8"?>
<!-- Generated by org.testng.reporters.JUnitReportReporter -->
<testsuite hostname="DESKTOP-8B0ED0H" failures="0" tests="15" name="com.trello.qspiders.learntestng.UserDefinedOrder" time="0.055" errors="0" timestamp="2023-04-01T19:54:14 IST" skipped="0">
  <testcase classname="com.trello.qspiders.learntestng.UserDefinedOrder" name="watermelonTest" time="0.014"/>
  <system-out/>
  <testcase classname="com.trello.qspiders.learntestng.UserDefinedOrder" name="mangoTest" time="0.002"/>
  <system-out/>
  <testcase classname="com.trello.qspiders.learntestng.UserDefinedOrder" name="bananaTest" time="0.003"/>
  <system-out/>
  <testcase classname="com.trello.qspiders.learntestng.UserDefinedOrder" name="grapesTest" time="0.004"/>
  <system-out/>
  <testcase classname="com.trello.qspiders.learntestng.UserDefinedOrder" name="orangeTest" time="0.003"/>
  <system-out/>
  <testcase classname="com.trello.qspiders.learntestng.UserDefinedOrder" name="appleTest" time="0.004"/>
  <system-out/>
  <testcase classname="com.trello.qspiders.learntestng.UserDefinedOrder" name="appleTest" time="0.003"/>
  <system-out/>
  <testcase classname="com.trello.qspiders.learntestng.UserDefinedOrder" name="appleTest" time="0.002"/>
  <system-out/>
  <testcase classname="com.trello.qspiders.learntestng.UserDefinedOrder" name="appleTest" time="0.002"/>
  <system-out/>
  <testcase classname="com.trello.qspiders.learntestng.UserDefinedOrder" name="appleTest" time="0.001"/>
  <system-out/>
  <testcase classname="com.trello.qspiders.learntestng.UserDefinedOrder" name="appleTest" time="0.005"/>
  <system-out/>
  <testcase classname="com.trello.qspiders.learntestng.UserDefinedOrder" name="appleTest" time="0.001"/>
  <system-out/>
  <testcase classname="com.trello.qspiders.learntestng.UserDefinedOrder" name="appleTest" time="0.007"/>
  <system-out/>
  <testcase classname="com.trello.qspiders.learntestng.UserDefinedOrder" name="appleTest" time="0.002"/>
  <system-out/>
  <testcase classname="com.trello.qspiders.learntestng.UserDefinedOrder" name="appleTest" time="0.002"/>
  <system-out/>
</testsuite> <!-- com.trello.qspiders.learntestng.UserDefinedOrder -->
