<?xml version="1.0" encoding="UTF-8"?>
<!-- Generated by org.testng.reporters.JUnitReportReporter -->
<testsuite hostname="DESKTOP-8B0ED0H" failures="0" tests="1" name="com.trello.qspiders.learntestng.UsageOfBeforeAndAfterMethod" time="18.992" errors="0" timestamp="2023-04-06T22:01:27 IST" skipped="0">
  <testcase classname="com.trello.qspiders.learntestng.UsageOfBeforeAndAfterMethod" name="testcase" time="18.992"/>
  <system-out/>
</testsuite> <!-- com.trello.qspiders.learntestng.UsageOfBeforeAndAfterMethod -->
