<?xml version="1.0" encoding="UTF-8"?>
<!-- Generated by org.testng.reporters.JUnitReportReporter -->
<testsuite hostname="DESKTOP-8B0ED0H" failures="0" tests="1" name="com.trello.qspiders.learnactionclass.ActionClass" time="10.665" errors="0" timestamp="2023-03-30T22:47:15 IST" skipped="0">
  <testcase classname="com.trello.qspiders.learnactionclass.ActionClass" name="MoveMousePointerOnWomen" time="10.665"/>
  <system-out/>
</testsuite> <!-- com.trello.qspiders.learnactionclass.ActionClass -->
