<?xml version="1.0" encoding="UTF-8"?>
<!-- Generated by org.testng.reporters.JUnitReportReporter -->
<testsuite hostname="DESKTOP-8B0ED0H" failures="0" tests="4" name="com.trello.qspiders.learntestng.DataDrivenTestingByClass" time="0.022" errors="0" timestamp="2023-04-15T23:24:21 IST" skipped="0">
  <testcase classname="com.trello.qspiders.learntestng.DataDrivenTestingByClass" name="supplyDataToMe" time="0.002"/>
  <system-out/>
  <testcase classname="com.trello.qspiders.learntestng.DataDrivenTestingByClass" name="supplyDataToMe" time="0.003"/>
  <system-out/>
  <testcase classname="com.trello.qspiders.learntestng.DataDrivenTestingByClass" name="supplyDataToMe" time="0.013"/>
  <system-out/>
  <testcase classname="com.trello.qspiders.learntestng.DataDrivenTestingByClass" name="supplyDataToMe" time="0.004"/>
  <system-out/>
</testsuite> <!-- com.trello.qspiders.learntestng.DataDrivenTestingByClass -->
