<?xml version="1.0" encoding="UTF-8"?>
<!-- Generated by org.testng.reporters.JUnitReportReporter -->
<testsuite hostname="DESKTOP-8B0ED0H" failures="0" tests="1" name="com.trello.qspiders.A.isDisplayed" time="7.375" errors="0" timestamp="2023-05-05T10:52:19 IST" skipped="0">
  <testcase classname="com.trello.qspiders.A.isDisplayed" name="display" time="7.375"/>
  <system-out>
    <![CDATA[is displayed
element is displayed and clicked
not displayed]]>
  </system-out>
</testsuite> <!-- com.trello.qspiders.A.isDisplayed -->
