<?xml version="1.0" encoding="UTF-8"?>
<!-- Generated by org.testng.reporters.JUnitReportReporter -->
<testsuite hostname="DESKTOP-8B0ED0H" failures="0" tests="1" name="takescreenshoti.ScreenShotofWebelement" time="26.145" errors="0" timestamp="2023-04-12T13:05:32 IST" skipped="0">
  <testcase classname="takescreenshoti.ScreenShotofWebelement" name="takeSshot" time="26.145"/>
  <system-out/>
</testsuite> <!-- takescreenshoti.ScreenShotofWebelement -->
