<?xml version="1.0" encoding="UTF-8"?>
<!-- Generated by org.testng.reporters.JUnitReportReporter -->
<testsuite hostname="DESKTOP-8B0ED0H" failures="0" tests="6" name="testNgPgPractise.A1" time="0.028" errors="0" timestamp="2023-03-23T11:23:52 IST" skipped="0">
  <testcase classname="testNgPgPractise.A1" name="e" time="0.003"/>
  <system-out/>
  <testcase classname="testNgPgPractise.A1" name="g" time="0.003"/>
  <system-out/>
  <testcase classname="testNgPgPractise.A1" name="x" time="0.003"/>
  <system-out/>
  <testcase classname="testNgPgPractise.A1" name="z" time="0.004"/>
  <system-out/>
  <testcase classname="testNgPgPractise.A1" name="f" time="0.002"/>
  <system-out/>
  <testcase classname="testNgPgPractise.A1" name="b" time="0.013"/>
  <system-out/>
</testsuite> <!-- testNgPgPractise.A1 -->
