<?xml version="1.0" encoding="UTF-8"?>
<!-- Generated by org.testng.reporters.JUnitReportReporter -->
<testsuite hostname="DESKTOP-8B0ED0H" failures="0" tests="1" name="handlingpopus.AlertPop" time="11.546" errors="0" timestamp="2023-05-02T15:34:18 IST" skipped="0">
  <testcase classname="handlingpopus.AlertPop" name="alertPopUp" time="11.546"/>
  <system-out/>
</testsuite> <!-- handlingpopus.AlertPop -->
